2025-03-27 16:23:58,354 - flask_migrate - ERROR - Error: Directory migrations already exists and is not empty
2025-03-27 20:59:31,546 - werkzeug - INFO - [31m[1mWARNING: This is a development server. Do not use it in a production deployment. Use a production WSGI server instead.[0m
 * Running on all addresses (0.0.0.0)
 * Running on http://127.0.0.1:5000
 * Running on http://192.168.100.147:5000
2025-03-27 20:59:31,548 - werkzeug - INFO - [33mPress CTRL+C to quit[0m
2025-03-27 20:59:53,701 - werkzeug - INFO - 127.0.0.1 - - [27/Mar/2025 20:59:53] "GET /login?next=/ HTTP/1.1" 200 -
2025-03-27 21:00:04,088 - flask_wtf.csrf - INFO - The CSRF token is missing.
2025-03-27 21:00:04,089 - werkzeug - INFO - 127.0.0.1 - - [27/Mar/2025 21:00:04] "[31m[1mPOST /login HTTP/1.1[0m" 400 -
2025-03-27 21:00:15,802 - flask_wtf.csrf - INFO - The CSRF token is missing.
2025-03-27 21:00:15,803 - werkzeug - INFO - 127.0.0.1 - - [27/Mar/2025 21:00:15] "[31m[1mPOST /login HTTP/1.1[0m" 400 -
2025-03-27 21:00:29,219 - flask_wtf.csrf - INFO - The CSRF token is missing.
2025-03-27 21:00:29,220 - werkzeug - INFO - 127.0.0.1 - - [27/Mar/2025 21:00:29] "[31m[1mPOST /login HTTP/1.1[0m" 400 -
2025-03-27 21:02:19,579 - werkzeug - INFO - [31m[1mWARNING: This is a development server. Do not use it in a production deployment. Use a production WSGI server instead.[0m
 * Running on all addresses (0.0.0.0)
 * Running on http://127.0.0.1:5000
 * Running on http://192.168.100.147:5000
2025-03-27 21:02:19,579 - werkzeug - INFO - [33mPress CTRL+C to quit[0m
2025-03-27 21:02:27,108 - werkzeug - INFO - 127.0.0.1 - - [27/Mar/2025 21:02:27] "GET /login?next=/ HTTP/1.1" 200 -
2025-03-27 21:02:32,897 - flask_wtf.csrf - INFO - The CSRF token is missing.
2025-03-27 21:02:32,898 - werkzeug - INFO - 127.0.0.1 - - [27/Mar/2025 21:02:32] "[31m[1mPOST /login HTTP/1.1[0m" 400 -
2025-03-27 21:06:59,653 - werkzeug - INFO - [31m[1mWARNING: This is a development server. Do not use it in a production deployment. Use a production WSGI server instead.[0m
 * Running on all addresses (0.0.0.0)
 * Running on http://127.0.0.1:5000
 * Running on http://192.168.100.147:5000
2025-03-27 21:06:59,653 - werkzeug - INFO - [33mPress CTRL+C to quit[0m
2025-03-27 21:07:23,641 - werkzeug - INFO - 127.0.0.1 - - [27/Mar/2025 21:07:23] "GET /login?next=/ HTTP/1.1" 200 -
2025-03-27 21:08:04,083 - werkzeug - INFO - 127.0.0.1 - - [27/Mar/2025 21:08:04] "GET /login?next=/ HTTP/1.1" 200 -
2025-03-27 21:08:06,548 - werkzeug - INFO - 127.0.0.1 - - [27/Mar/2025 21:08:06] "GET /login?next=/ HTTP/1.1" 200 -
2025-03-27 21:10:57,755 - werkzeug - INFO - [31m[1mWARNING: This is a development server. Do not use it in a production deployment. Use a production WSGI server instead.[0m
 * Running on all addresses (0.0.0.0)
 * Running on http://127.0.0.1:5000
 * Running on http://192.168.100.147:5000
2025-03-27 21:10:57,756 - werkzeug - INFO - [33mPress CTRL+C to quit[0m
2025-03-27 21:11:09,863 - werkzeug - INFO - 127.0.0.1 - - [27/Mar/2025 21:11:09] "GET /login?next=/ HTTP/1.1" 200 -
2025-03-27 21:11:23,438 - werkzeug - INFO - 127.0.0.1 - - [27/Mar/2025 21:11:23] "POST /login HTTP/1.1" 200 -
2025-03-27 21:11:33,980 - werkzeug - INFO - 127.0.0.1 - - [27/Mar/2025 21:11:33] "POST /login HTTP/1.1" 200 -
2025-03-27 21:21:29,796 - werkzeug - INFO - [31m[1mWARNING: This is a development server. Do not use it in a production deployment. Use a production WSGI server instead.[0m
 * Running on all addresses (0.0.0.0)
 * Running on http://127.0.0.1:5000
 * Running on http://192.168.100.147:5000
2025-03-27 21:21:29,796 - werkzeug - INFO - [33mPress CTRL+C to quit[0m
2025-03-27 21:21:39,694 - __main__ - INFO - User: admin - Action: login - File: None
2025-03-27 21:21:39,697 - werkzeug - INFO - 127.0.0.1 - - [27/Mar/2025 21:21:39] "[32mPOST /login HTTP/1.1[0m" 302 -
2025-03-27 21:21:39,746 - werkzeug - INFO - 127.0.0.1 - - [27/Mar/2025 21:21:39] "GET /documents HTTP/1.1" 200 -
2025-03-27 21:21:45,751 - __main__ - INFO - User: admin - Action: logout - File: None
2025-03-27 21:21:45,752 - werkzeug - INFO - 127.0.0.1 - - [27/Mar/2025 21:21:45] "[32mGET /logout HTTP/1.1[0m" 302 -
2025-03-27 21:21:45,760 - werkzeug - INFO - 127.0.0.1 - - [27/Mar/2025 21:21:45] "GET /login HTTP/1.1" 200 -
2025-03-27 21:21:53,658 - __main__ - INFO - User: admin - Action: login - File: None
2025-03-27 21:21:53,660 - werkzeug - INFO - 127.0.0.1 - - [27/Mar/2025 21:21:53] "[32mPOST /login HTTP/1.1[0m" 302 -
2025-03-27 21:21:53,671 - werkzeug - INFO - 127.0.0.1 - - [27/Mar/2025 21:21:53] "GET /documents HTTP/1.1" 200 -
2025-03-27 21:22:08,838 - app - ERROR - Exception on /admin/users [GET]
Traceback (most recent call last):
  File "C:\Users\Admin\Desktop\dokuman_yonetim_sistemi\venv\Lib\site-packages\flask\app.py", line 2190, in wsgi_app
    response = self.full_dispatch_request()
               ^^^^^^^^^^^^^^^^^^^^^^^^^^^^
  File "C:\Users\Admin\Desktop\dokuman_yonetim_sistemi\venv\Lib\site-packages\flask\app.py", line 1486, in full_dispatch_request
    rv = self.handle_user_exception(e)
         ^^^^^^^^^^^^^^^^^^^^^^^^^^^^^
  File "C:\Users\Admin\Desktop\dokuman_yonetim_sistemi\venv\Lib\site-packages\flask\app.py", line 1484, in full_dispatch_request
    rv = self.dispatch_request()
         ^^^^^^^^^^^^^^^^^^^^^^^
  File "C:\Users\Admin\Desktop\dokuman_yonetim_sistemi\venv\Lib\site-packages\flask\app.py", line 1469, in dispatch_request
    return self.ensure_sync(self.view_functions[rule.endpoint])(**view_args)
           ^^^^^^^^^^^^^^^^^^^^^^^^^^^^^^^^^^^^^^^^^^^^^^^^^^^^^^^^^^^^^^^^^
  File "C:\Users\Admin\Desktop\dokuman_yonetim_sistemi\venv\Lib\site-packages\flask_login\utils.py", line 290, in decorated_view
    return current_app.ensure_sync(func)(*args, **kwargs)
           ^^^^^^^^^^^^^^^^^^^^^^^^^^^^^^^^^^^^^^^^^^^^^^
  File "C:\Users\Admin\Desktop\dokuman_yonetim_sistemi\app.py", line 83, in decorated_function
    return f(*args, **kwargs)
           ^^^^^^^^^^^^^^^^^^
  File "C:\Users\Admin\Desktop\dokuman_yonetim_sistemi\app.py", line 240, in admin_users
    return render_template('users.html', users=users)
           ^^^^^^^^^^^^^^^^^^^^^^^^^^^^^^^^^^^^^^^^^^
  File "C:\Users\Admin\Desktop\dokuman_yonetim_sistemi\venv\Lib\site-packages\flask\templating.py", line 151, in render_template
    return _render(app, template, context)
           ^^^^^^^^^^^^^^^^^^^^^^^^^^^^^^^
  File "C:\Users\Admin\Desktop\dokuman_yonetim_sistemi\venv\Lib\site-packages\flask\templating.py", line 132, in _render
    rv = template.render(context)
         ^^^^^^^^^^^^^^^^^^^^^^^^
  File "C:\Users\Admin\Desktop\dokuman_yonetim_sistemi\venv\Lib\site-packages\jinja2\environment.py", line 1301, in render
    self.environment.handle_exception()
  File "C:\Users\Admin\Desktop\dokuman_yonetim_sistemi\venv\Lib\site-packages\jinja2\environment.py", line 936, in handle_exception
    raise rewrite_traceback_stack(source=source)
  File "C:\Users\Admin\Desktop\dokuman_yonetim_sistemi\templates\users.html", line 20, in top-level template code
    <form action="{{ url_for('create_user') }}" method="post">
    ^^^^^^^^^^^^^^^^^^^^^^^^^
  File "C:\Users\Admin\Desktop\dokuman_yonetim_sistemi\venv\Lib\site-packages\flask\app.py", line 1697, in url_for
    return self.handle_url_build_error(error, endpoint, values)
           ^^^^^^^^^^^^^^^^^^^^^^^^^^^^^^^^^^^^^^^^^^^^^^^^^^^^
  File "C:\Users\Admin\Desktop\dokuman_yonetim_sistemi\venv\Lib\site-packages\flask\app.py", line 1686, in url_for
    rv = url_adapter.build(  # type: ignore[union-attr]
         ^^^^^^^^^^^^^^^^^^^^^^^^^^^^^^^^^^^^^^^^^^^^^^
  File "C:\Users\Admin\Desktop\dokuman_yonetim_sistemi\venv\Lib\site-packages\werkzeug\routing\map.py", line 924, in build
    raise BuildError(endpoint, values, method, self)
werkzeug.routing.exceptions.BuildError: Could not build url for endpoint 'create_user'. Did you mean 'create_user_route' instead?
2025-03-27 21:22:08,908 - __main__ - ERROR - Server error: 500 Internal Server Error: The server encountered an internal error and was unable to complete your request. Either the server is overloaded or there is an error in the application.
2025-03-27 21:22:08,935 - werkzeug - INFO - 127.0.0.1 - - [27/Mar/2025 21:22:08] "[35m[1mGET /admin/users HTTP/1.1[0m" 500 -
2025-03-27 21:22:11,338 - werkzeug - INFO - 127.0.0.1 - - [27/Mar/2025 21:22:11] "[32mGET / HTTP/1.1[0m" 302 -
2025-03-27 21:22:11,346 - werkzeug - INFO - 127.0.0.1 - - [27/Mar/2025 21:22:11] "GET /documents HTTP/1.1" 200 -
2025-03-27 21:22:13,009 - werkzeug - INFO - 127.0.0.1 - - [27/Mar/2025 21:22:13] "GET /admin/upload HTTP/1.1" 200 -
2025-03-27 21:22:34,493 - flask_wtf.csrf - INFO - The CSRF token is missing.
2025-03-27 21:22:34,494 - werkzeug - INFO - 127.0.0.1 - - [27/Mar/2025 21:22:34] "[31m[1mPOST /upload HTTP/1.1[0m" 400 -
2025-03-27 21:26:36,953 - werkzeug - INFO - [31m[1mWARNING: This is a development server. Do not use it in a production deployment. Use a production WSGI server instead.[0m
 * Running on all addresses (0.0.0.0)
 * Running on http://127.0.0.1:5000
 * Running on http://192.168.100.147:5000
2025-03-27 21:26:36,955 - werkzeug - INFO - [33mPress CTRL+C to quit[0m
2025-03-27 21:26:43,412 - werkzeug - INFO - 127.0.0.1 - - [27/Mar/2025 21:26:43] "[32mGET /login?next=/ HTTP/1.1[0m" 302 -
2025-03-27 21:26:43,431 - werkzeug - INFO - 127.0.0.1 - - [27/Mar/2025 21:26:43] "GET /documents HTTP/1.1" 200 -
2025-03-27 21:26:46,208 - werkzeug - INFO - 127.0.0.1 - - [27/Mar/2025 21:26:46] "GET /admin/upload HTTP/1.1" 200 -
2025-03-27 21:26:57,116 - flask_wtf.csrf - INFO - The CSRF token is missing.
2025-03-27 21:26:57,117 - werkzeug - INFO - 127.0.0.1 - - [27/Mar/2025 21:26:57] "[31m[1mPOST /upload HTTP/1.1[0m" 400 -
2025-03-27 21:27:04,555 - werkzeug - INFO - 127.0.0.1 - - [27/Mar/2025 21:27:04] "[32mGET /login?next=/ HTTP/1.1[0m" 302 -
2025-03-27 21:27:04,562 - werkzeug - INFO - 127.0.0.1 - - [27/Mar/2025 21:27:04] "GET /documents HTTP/1.1" 200 -
2025-03-27 21:27:06,098 - __main__ - INFO - User: admin - Action: logout - File: None
2025-03-27 21:27:06,099 - werkzeug - INFO - 127.0.0.1 - - [27/Mar/2025 21:27:06] "[32mGET /logout HTTP/1.1[0m" 302 -
2025-03-27 21:27:06,107 - werkzeug - INFO - 127.0.0.1 - - [27/Mar/2025 21:27:06] "GET /login HTTP/1.1" 200 -
2025-03-27 21:27:13,270 - __main__ - INFO - User: admin - Action: login - File: None
2025-03-27 21:27:13,272 - werkzeug - INFO - 127.0.0.1 - - [27/Mar/2025 21:27:13] "[32mPOST /login HTTP/1.1[0m" 302 -
2025-03-27 21:27:13,281 - werkzeug - INFO - 127.0.0.1 - - [27/Mar/2025 21:27:13] "GET /documents HTTP/1.1" 200 -
2025-03-27 21:27:16,790 - app - ERROR - Exception on /admin/users [GET]
Traceback (most recent call last):
  File "C:\Users\Admin\Desktop\dokuman_yonetim_sistemi\venv\Lib\site-packages\flask\app.py", line 2190, in wsgi_app
    response = self.full_dispatch_request()
               ^^^^^^^^^^^^^^^^^^^^^^^^^^^^
  File "C:\Users\Admin\Desktop\dokuman_yonetim_sistemi\venv\Lib\site-packages\flask\app.py", line 1486, in full_dispatch_request
    rv = self.handle_user_exception(e)
         ^^^^^^^^^^^^^^^^^^^^^^^^^^^^^
  File "C:\Users\Admin\Desktop\dokuman_yonetim_sistemi\venv\Lib\site-packages\flask\app.py", line 1484, in full_dispatch_request
    rv = self.dispatch_request()
         ^^^^^^^^^^^^^^^^^^^^^^^
  File "C:\Users\Admin\Desktop\dokuman_yonetim_sistemi\venv\Lib\site-packages\flask\app.py", line 1469, in dispatch_request
    return self.ensure_sync(self.view_functions[rule.endpoint])(**view_args)
           ^^^^^^^^^^^^^^^^^^^^^^^^^^^^^^^^^^^^^^^^^^^^^^^^^^^^^^^^^^^^^^^^^
  File "C:\Users\Admin\Desktop\dokuman_yonetim_sistemi\venv\Lib\site-packages\flask_login\utils.py", line 290, in decorated_view
    return current_app.ensure_sync(func)(*args, **kwargs)
           ^^^^^^^^^^^^^^^^^^^^^^^^^^^^^^^^^^^^^^^^^^^^^^
  File "C:\Users\Admin\Desktop\dokuman_yonetim_sistemi\app.py", line 83, in decorated_function
    return f(*args, **kwargs)
           ^^^^^^^^^^^^^^^^^^
  File "C:\Users\Admin\Desktop\dokuman_yonetim_sistemi\app.py", line 240, in admin_users
    return render_template('users.html', users=users)
           ^^^^^^^^^^^^^^^^^^^^^^^^^^^^^^^^^^^^^^^^^^
  File "C:\Users\Admin\Desktop\dokuman_yonetim_sistemi\venv\Lib\site-packages\flask\templating.py", line 151, in render_template
    return _render(app, template, context)
           ^^^^^^^^^^^^^^^^^^^^^^^^^^^^^^^
  File "C:\Users\Admin\Desktop\dokuman_yonetim_sistemi\venv\Lib\site-packages\flask\templating.py", line 132, in _render
    rv = template.render(context)
         ^^^^^^^^^^^^^^^^^^^^^^^^
  File "C:\Users\Admin\Desktop\dokuman_yonetim_sistemi\venv\Lib\site-packages\jinja2\environment.py", line 1301, in render
    self.environment.handle_exception()
  File "C:\Users\Admin\Desktop\dokuman_yonetim_sistemi\venv\Lib\site-packages\jinja2\environment.py", line 936, in handle_exception
    raise rewrite_traceback_stack(source=source)
  File "C:\Users\Admin\Desktop\dokuman_yonetim_sistemi\templates\users.html", line 20, in top-level template code
    <form action="{{ url_for('create_user') }}" method="post">
    ^^^^^^^^^^^^^^^^^^^^^^^^^
  File "C:\Users\Admin\Desktop\dokuman_yonetim_sistemi\venv\Lib\site-packages\flask\app.py", line 1697, in url_for
    return self.handle_url_build_error(error, endpoint, values)
           ^^^^^^^^^^^^^^^^^^^^^^^^^^^^^^^^^^^^^^^^^^^^^^^^^^^^
  File "C:\Users\Admin\Desktop\dokuman_yonetim_sistemi\venv\Lib\site-packages\flask\app.py", line 1686, in url_for
    rv = url_adapter.build(  # type: ignore[union-attr]
         ^^^^^^^^^^^^^^^^^^^^^^^^^^^^^^^^^^^^^^^^^^^^^^
  File "C:\Users\Admin\Desktop\dokuman_yonetim_sistemi\venv\Lib\site-packages\werkzeug\routing\map.py", line 924, in build
    raise BuildError(endpoint, values, method, self)
werkzeug.routing.exceptions.BuildError: Could not build url for endpoint 'create_user'. Did you mean 'create_user_route' instead?
2025-03-27 21:27:16,796 - __main__ - ERROR - Server error: 500 Internal Server Error: The server encountered an internal error and was unable to complete your request. Either the server is overloaded or there is an error in the application.
2025-03-27 21:27:16,798 - werkzeug - INFO - 127.0.0.1 - - [27/Mar/2025 21:27:16] "[35m[1mGET /admin/users HTTP/1.1[0m" 500 -
2025-03-27 21:27:18,413 - werkzeug - INFO - 127.0.0.1 - - [27/Mar/2025 21:27:18] "[32mGET / HTTP/1.1[0m" 302 -
2025-03-27 21:27:18,420 - werkzeug - INFO - 127.0.0.1 - - [27/Mar/2025 21:27:18] "GET /documents HTTP/1.1" 200 -
2025-03-27 21:27:20,199 - __main__ - INFO - User: admin - Action: logout - File: None
2025-03-27 21:27:20,201 - werkzeug - INFO - 127.0.0.1 - - [27/Mar/2025 21:27:20] "[32mGET /logout HTTP/1.1[0m" 302 -
2025-03-27 21:27:20,206 - werkzeug - INFO - 127.0.0.1 - - [27/Mar/2025 21:27:20] "GET /login HTTP/1.1" 200 -
2025-03-27 21:42:39,433 - werkzeug - INFO - [31m[1mWARNING: This is a development server. Do not use it in a production deployment. Use a production WSGI server instead.[0m
 * Running on all addresses (0.0.0.0)
 * Running on http://127.0.0.1:5000
 * Running on http://192.168.100.147:5000
2025-03-27 21:42:39,435 - werkzeug - INFO - [33mPress CTRL+C to quit[0m
2025-03-27 21:42:44,244 - werkzeug - INFO - 127.0.0.1 - - [27/Mar/2025 21:42:44] "GET /login?next=/ HTTP/1.1" 200 -
2025-03-27 21:42:51,889 - __main__ - INFO - User: admin - Action: login - File: None
2025-03-27 21:42:51,891 - werkzeug - INFO - 127.0.0.1 - - [27/Mar/2025 21:42:51] "[32mPOST /login HTTP/1.1[0m" 302 -
2025-03-27 21:42:51,908 - werkzeug - INFO - 127.0.0.1 - - [27/Mar/2025 21:42:51] "GET /documents HTTP/1.1" 200 -
2025-03-27 21:42:56,178 - werkzeug - INFO - 127.0.0.1 - - [27/Mar/2025 21:42:56] "GET /admin/upload HTTP/1.1" 200 -
2025-03-27 21:43:06,632 - __main__ - ERROR - Upload error: 'ALLOWED_MIME_TYPES'
2025-03-27 21:43:06,634 - werkzeug - INFO - 127.0.0.1 - - [27/Mar/2025 21:43:06] "[32mPOST /upload HTTP/1.1[0m" 302 -
2025-03-27 21:43:06,641 - werkzeug - INFO - 127.0.0.1 - - [27/Mar/2025 21:43:06] "GET /documents HTTP/1.1" 200 -
2025-03-27 21:43:12,013 - werkzeug - INFO - 127.0.0.1 - - [27/Mar/2025 21:43:12] "GET /admin/users HTTP/1.1" 200 -
2025-03-27 21:43:30,480 - flask_wtf.csrf - INFO - The CSRF token is missing.
2025-03-27 21:43:30,482 - werkzeug - INFO - 127.0.0.1 - - [27/Mar/2025 21:43:30] "[31m[1mPOST /create-user HTTP/1.1[0m" 400 -
2025-03-27 21:43:40,411 - werkzeug - INFO - 127.0.0.1 - - [27/Mar/2025 21:43:40] "[32mGET /login?next=/ HTTP/1.1[0m" 302 -
2025-03-27 21:43:40,419 - werkzeug - INFO - 127.0.0.1 - - [27/Mar/2025 21:43:40] "GET /documents HTTP/1.1" 200 -
2025-03-27 21:43:41,366 - __main__ - INFO - User: admin - Action: logout - File: None
2025-03-27 21:43:41,368 - werkzeug - INFO - 127.0.0.1 - - [27/Mar/2025 21:43:41] "[32mGET /logout HTTP/1.1[0m" 302 -
2025-03-27 21:43:41,372 - werkzeug - INFO - 127.0.0.1 - - [27/Mar/2025 21:43:41] "GET /login HTTP/1.1" 200 -
2025-03-27 22:08:34,699 - werkzeug - INFO - [31m[1mWARNING: This is a development server. Do not use it in a production deployment. Use a production WSGI server instead.[0m
 * Running on all addresses (0.0.0.0)
 * Running on http://127.0.0.1:5000
 * Running on http://192.168.100.147:5000
2025-03-27 22:08:34,701 - werkzeug - INFO - [33mPress CTRL+C to quit[0m
2025-03-27 22:08:40,113 - werkzeug - INFO - 127.0.0.1 - - [27/Mar/2025 22:08:40] "GET /login?next=/ HTTP/1.1" 200 -
2025-03-27 22:08:48,430 - __main__ - INFO - User: admin - Action: login - File: None
2025-03-27 22:08:48,432 - werkzeug - INFO - 127.0.0.1 - - [27/Mar/2025 22:08:48] "[32mPOST /login HTTP/1.1[0m" 302 -
2025-03-27 22:08:48,472 - werkzeug - INFO - 127.0.0.1 - - [27/Mar/2025 22:08:48] "GET /documents HTTP/1.1" 200 -
2025-03-27 22:08:51,567 - werkzeug - INFO - 127.0.0.1 - - [27/Mar/2025 22:08:51] "GET /admin/upload HTTP/1.1" 200 -
2025-03-27 22:09:00,723 - __main__ - INFO - User: admin - Action: upload - File: New_Microsoft_Word_Document_2_1.pdf
2025-03-27 22:09:00,725 - werkzeug - INFO - 127.0.0.1 - - [27/Mar/2025 22:09:00] "[32mPOST /upload HTTP/1.1[0m" 302 -
2025-03-27 22:09:00,735 - werkzeug - INFO - 127.0.0.1 - - [27/Mar/2025 22:09:00] "GET /documents HTTP/1.1" 200 -
2025-03-27 22:09:08,230 - werkzeug - INFO - 127.0.0.1 - - [27/Mar/2025 22:09:08] "GET /admin/users HTTP/1.1" 200 -
2025-03-27 22:09:25,086 - werkzeug - INFO - 127.0.0.1 - - [27/Mar/2025 22:09:25] "[32mPOST /create-user HTTP/1.1[0m" 302 -
2025-03-27 22:09:25,094 - werkzeug - INFO - 127.0.0.1 - - [27/Mar/2025 22:09:25] "GET /admin/users HTTP/1.1" 200 -
2025-03-27 22:09:35,658 - flask_wtf.csrf - INFO - The CSRF token is missing.
2025-03-27 22:09:35,659 - werkzeug - INFO - 127.0.0.1 - - [27/Mar/2025 22:09:35] "[31m[1mPOST /admin/users/change_role HTTP/1.1[0m" 400 -
2025-03-27 22:09:39,859 - werkzeug - INFO - 127.0.0.1 - - [27/Mar/2025 22:09:39] "GET /admin/users HTTP/1.1" 200 -
2025-03-27 22:09:44,332 - flask_wtf.csrf - INFO - The CSRF token is missing.
2025-03-27 22:09:44,332 - werkzeug - INFO - 127.0.0.1 - - [27/Mar/2025 22:09:44] "[31m[1mPOST /admin/users/delete HTTP/1.1[0m" 400 -
2025-03-27 22:09:50,543 - flask_wtf.csrf - INFO - The CSRF token is missing.
2025-03-27 22:09:50,543 - werkzeug - INFO - 127.0.0.1 - - [27/Mar/2025 22:09:50] "[31m[1mPOST /admin/users/delete HTTP/1.1[0m" 400 -
2025-03-27 22:09:51,887 - werkzeug - INFO - 127.0.0.1 - - [27/Mar/2025 22:09:51] "[32mGET /login?next=/ HTTP/1.1[0m" 302 -
2025-03-27 22:09:51,895 - werkzeug - INFO - 127.0.0.1 - - [27/Mar/2025 22:09:51] "GET /documents HTTP/1.1" 200 -
2025-03-27 22:09:55,631 - __main__ - INFO - User: admin - Action: download - File: New_Microsoft_Word_Document_2_1.pdf
2025-03-27 22:09:55,712 - werkzeug - INFO - 127.0.0.1 - - [27/Mar/2025 22:09:55] "GET /download/New_Microsoft_Word_Document_2_1.pdf HTTP/1.1" 200 -
2025-03-27 22:09:57,018 - __main__ - ERROR - PDF preview error: 'POPPLER_PATH'
2025-03-27 22:09:57,019 - werkzeug - INFO - 127.0.0.1 - - [27/Mar/2025 22:09:57] "[32mGET /preview/New_Microsoft_Word_Document_2_1.pdf HTTP/1.1[0m" 302 -
2025-03-27 22:09:57,027 - werkzeug - INFO - 127.0.0.1 - - [27/Mar/2025 22:09:57] "GET /documents HTTP/1.1" 200 -
2025-03-27 22:09:59,943 - werkzeug - INFO - 127.0.0.1 - - [27/Mar/2025 22:09:59] "[32mGET /preview/New_Microsoft_Word_Document_2_1.pdf HTTP/1.1[0m" 302 -
2025-03-27 22:09:59,951 - werkzeug - INFO - 127.0.0.1 - - [27/Mar/2025 22:09:59] "GET /documents HTTP/1.1" 200 -
2025-03-27 22:10:01,187 - werkzeug - INFO - 127.0.0.1 - - [27/Mar/2025 22:10:01] "[32mGET /preview/New_Microsoft_Word_Document_2_1.pdf HTTP/1.1[0m" 302 -
2025-03-27 22:10:01,195 - werkzeug - INFO - 127.0.0.1 - - [27/Mar/2025 22:10:01] "GET /documents HTTP/1.1" 200 -
2025-03-27 22:10:03,176 - werkzeug - INFO - 127.0.0.1 - - [27/Mar/2025 22:10:03] "[32mGET /preview/New_Microsoft_Word_Document_2_1.pdf HTTP/1.1[0m" 302 -
2025-03-27 22:10:03,183 - werkzeug - INFO - 127.0.0.1 - - [27/Mar/2025 22:10:03] "GET /documents HTTP/1.1" 200 -
2025-03-27 22:10:05,577 - __main__ - INFO - User: admin - Action: delete - File: New_Microsoft_Word_Document_2_1.pdf
2025-03-27 22:10:05,579 - werkzeug - INFO - 127.0.0.1 - - [27/Mar/2025 22:10:05] "[32mGET /delete/New_Microsoft_Word_Document_2_1.pdf HTTP/1.1[0m" 302 -
2025-03-27 22:10:05,587 - werkzeug - INFO - 127.0.0.1 - - [27/Mar/2025 22:10:05] "GET /documents HTTP/1.1" 200 -
2025-03-27 22:10:09,647 - __main__ - INFO - User: admin - Action: logout - File: None
2025-03-27 22:10:09,648 - werkzeug - INFO - 127.0.0.1 - - [27/Mar/2025 22:10:09] "[32mGET /logout HTTP/1.1[0m" 302 -
2025-03-27 22:10:09,654 - werkzeug - INFO - 127.0.0.1 - - [27/Mar/2025 22:10:09] "GET /login HTTP/1.1" 200 -
2025-03-27 23:39:14,344 - werkzeug - INFO - [31m[1mWARNING: This is a development server. Do not use it in a production deployment. Use a production WSGI server instead.[0m
 * Running on all addresses (0.0.0.0)
 * Running on http://127.0.0.1:5000
 * Running on http://192.168.100.147:5000
2025-03-27 23:39:14,344 - werkzeug - INFO - [33mPress CTRL+C to quit[0m
2025-03-27 23:39:19,246 - werkzeug - INFO - 127.0.0.1 - - [27/Mar/2025 23:39:19] "GET /login?next=/ HTTP/1.1" 200 -
2025-03-27 23:39:33,640 - __main__ - INFO - User: admin - Action: login - File: None
2025-03-27 23:39:33,643 - werkzeug - INFO - 127.0.0.1 - - [27/Mar/2025 23:39:33] "[32mPOST /login HTTP/1.1[0m" 302 -
2025-03-27 23:39:33,682 - werkzeug - INFO - 127.0.0.1 - - [27/Mar/2025 23:39:33] "GET /documents HTTP/1.1" 200 -
2025-03-27 23:39:38,047 - werkzeug - INFO - 127.0.0.1 - - [27/Mar/2025 23:39:38] "GET /admin/upload HTTP/1.1" 200 -
2025-03-27 23:39:49,639 - __main__ - INFO - User: admin - Action: upload - File: New_Microsoft_Word_Document_2_1.pdf
2025-03-27 23:39:49,641 - werkzeug - INFO - 127.0.0.1 - - [27/Mar/2025 23:39:49] "[32mPOST /upload HTTP/1.1[0m" 302 -
2025-03-27 23:39:49,649 - werkzeug - INFO - 127.0.0.1 - - [27/Mar/2025 23:39:49] "GET /documents HTTP/1.1" 200 -
2025-03-27 23:39:51,540 - werkzeug - INFO - 127.0.0.1 - - [27/Mar/2025 23:39:51] "GET /admin/upload HTTP/1.1" 200 -
2025-03-27 23:40:18,417 - __main__ - INFO - User: admin - Action: upload - File: New_Microsoft_Word_Document_1.docx
2025-03-27 23:40:18,419 - werkzeug - INFO - 127.0.0.1 - - [27/Mar/2025 23:40:18] "[32mPOST /upload HTTP/1.1[0m" 302 -
2025-03-27 23:40:18,425 - werkzeug - INFO - 127.0.0.1 - - [27/Mar/2025 23:40:18] "GET /documents HTTP/1.1" 200 -
2025-03-27 23:40:26,039 - __main__ - INFO - User: admin - Action: download - File: New_Microsoft_Word_Document_1.docx
2025-03-27 23:40:26,126 - werkzeug - INFO - 127.0.0.1 - - [27/Mar/2025 23:40:26] "GET /download/New_Microsoft_Word_Document_1.docx HTTP/1.1" 200 -
2025-03-27 23:40:28,994 - __main__ - ERROR - DOCX preview error: __init__() takes 1 positional argument but 2 were given
2025-03-27 23:40:28,995 - werkzeug - INFO - 127.0.0.1 - - [27/Mar/2025 23:40:28] "[32mGET /preview/New_Microsoft_Word_Document_1.docx HTTP/1.1[0m" 302 -
2025-03-27 23:40:29,003 - werkzeug - INFO - 127.0.0.1 - - [27/Mar/2025 23:40:29] "GET /documents HTTP/1.1" 200 -
2025-03-27 23:40:35,843 - werkzeug - INFO - 127.0.0.1 - - [27/Mar/2025 23:40:35] "GET /preview/New_Microsoft_Word_Document_2_1.pdf HTTP/1.1" 200 -
2025-03-27 23:40:44,573 - __main__ - INFO - User: admin - Action: download - File: New_Microsoft_Word_Document_2_1.pdf
2025-03-27 23:40:44,575 - werkzeug - INFO - 127.0.0.1 - - [27/Mar/2025 23:40:44] "GET /download/New_Microsoft_Word_Document_2_1.pdf HTTP/1.1" 200 -
2025-03-27 23:40:46,033 - werkzeug - INFO - 127.0.0.1 - - [27/Mar/2025 23:40:46] "[32mGET / HTTP/1.1[0m" 302 -
2025-03-27 23:40:46,040 - werkzeug - INFO - 127.0.0.1 - - [27/Mar/2025 23:40:46] "GET /documents HTTP/1.1" 200 -
2025-03-27 23:40:48,539 - werkzeug - INFO - 127.0.0.1 - - [27/Mar/2025 23:40:48] "GET /preview/New_Microsoft_Word_Document_2_1.pdf HTTP/1.1" 200 -
2025-03-27 23:40:52,740 - werkzeug - INFO - 127.0.0.1 - - [27/Mar/2025 23:40:52] "[32mGET / HTTP/1.1[0m" 302 -
2025-03-27 23:40:52,747 - werkzeug - INFO - 127.0.0.1 - - [27/Mar/2025 23:40:52] "GET /documents HTTP/1.1" 200 -
2025-03-27 23:40:54,218 - werkzeug - INFO - 127.0.0.1 - - [27/Mar/2025 23:40:54] "[32mGET /preview/New_Microsoft_Word_Document_1.docx HTTP/1.1[0m" 302 -
2025-03-27 23:40:54,226 - werkzeug - INFO - 127.0.0.1 - - [27/Mar/2025 23:40:54] "GET /documents HTTP/1.1" 200 -
2025-03-27 23:40:57,120 - werkzeug - INFO - 127.0.0.1 - - [27/Mar/2025 23:40:57] "[32mGET /preview/New_Microsoft_Word_Document_1.docx HTTP/1.1[0m" 302 -
2025-03-27 23:40:57,129 - werkzeug - INFO - 127.0.0.1 - - [27/Mar/2025 23:40:57] "GET /documents HTTP/1.1" 200 -
2025-03-27 23:41:01,154 - __main__ - INFO - User: admin - Action: delete - File: New_Microsoft_Word_Document_1.docx
2025-03-27 23:41:01,155 - werkzeug - INFO - 127.0.0.1 - - [27/Mar/2025 23:41:01] "[32mGET /delete/New_Microsoft_Word_Document_1.docx HTTP/1.1[0m" 302 -
2025-03-27 23:41:01,162 - werkzeug - INFO - 127.0.0.1 - - [27/Mar/2025 23:41:01] "GET /documents HTTP/1.1" 200 -
2025-03-27 23:41:04,713 - __main__ - INFO - User: admin - Action: delete - File: New_Microsoft_Word_Document_2_1.pdf
2025-03-27 23:41:04,713 - werkzeug - INFO - 127.0.0.1 - - [27/Mar/2025 23:41:04] "[32mGET /delete/New_Microsoft_Word_Document_2_1.pdf HTTP/1.1[0m" 302 -
2025-03-27 23:41:04,723 - werkzeug - INFO - 127.0.0.1 - - [27/Mar/2025 23:41:04] "GET /documents HTTP/1.1" 200 -
2025-03-27 23:41:09,491 - werkzeug - INFO - 127.0.0.1 - - [27/Mar/2025 23:41:09] "GET /admin/users HTTP/1.1" 200 -
2025-03-27 23:41:11,626 - werkzeug - INFO - 127.0.0.1 - - [27/Mar/2025 23:41:11] "[32mPOST /admin/users/change_role HTTP/1.1[0m" 302 -
2025-03-27 23:41:11,632 - werkzeug - INFO - 127.0.0.1 - - [27/Mar/2025 23:41:11] "GET /admin/users HTTP/1.1" 200 -
2025-03-27 23:41:19,517 - werkzeug - INFO - 127.0.0.1 - - [27/Mar/2025 23:41:19] "[32mPOST /admin/users/delete HTTP/1.1[0m" 302 -
2025-03-27 23:41:19,524 - werkzeug - INFO - 127.0.0.1 - - [27/Mar/2025 23:41:19] "GET /admin/users HTTP/1.1" 200 -
2025-03-27 23:41:36,218 - werkzeug - INFO - 127.0.0.1 - - [27/Mar/2025 23:41:36] "[32mPOST /create-user HTTP/1.1[0m" 302 -
2025-03-27 23:41:36,224 - werkzeug - INFO - 127.0.0.1 - - [27/Mar/2025 23:41:36] "GET /admin/users HTTP/1.1" 200 -
2025-03-27 23:41:39,147 - werkzeug - INFO - 127.0.0.1 - - [27/Mar/2025 23:41:39] "[32mPOST /admin/users/change_role HTTP/1.1[0m" 302 -
2025-03-27 23:41:39,154 - werkzeug - INFO - 127.0.0.1 - - [27/Mar/2025 23:41:39] "GET /admin/users HTTP/1.1" 200 -
2025-03-27 23:41:41,581 - werkzeug - INFO - 127.0.0.1 - - [27/Mar/2025 23:41:41] "[32mPOST /admin/users/change_role HTTP/1.1[0m" 302 -
2025-03-27 23:41:41,588 - werkzeug - INFO - 127.0.0.1 - - [27/Mar/2025 23:41:41] "GET /admin/users HTTP/1.1" 200 -
2025-03-27 23:41:56,739 - werkzeug - INFO - 127.0.0.1 - - [27/Mar/2025 23:41:56] "[32mGET /login?next=/ HTTP/1.1[0m" 302 -
2025-03-27 23:41:56,745 - werkzeug - INFO - 127.0.0.1 - - [27/Mar/2025 23:41:56] "GET /documents HTTP/1.1" 200 -
2025-03-27 23:41:59,520 - werkzeug - INFO - 127.0.0.1 - - [27/Mar/2025 23:41:59] "GET /admin/upload HTTP/1.1" 200 -
2025-03-27 23:42:01,077 - werkzeug - INFO - 127.0.0.1 - - [27/Mar/2025 23:42:01] "GET /documents HTTP/1.1" 200 -
2025-03-28 00:00:40,183 - __main__ - INFO - User: admin - Action: logout - File: None
2025-03-28 00:00:40,184 - werkzeug - INFO - 127.0.0.1 - - [28/Mar/2025 00:00:40] "[32mGET /logout HTTP/1.1[0m" 302 -
2025-03-28 00:00:40,189 - werkzeug - INFO - 127.0.0.1 - - [28/Mar/2025 00:00:40] "GET /login HTTP/1.1" 200 -
2025-03-28 00:14:36,677 - werkzeug - INFO - [31m[1mWARNING: This is a development server. Do not use it in a production deployment. Use a production WSGI server instead.[0m
 * Running on all addresses (0.0.0.0)
 * Running on http://127.0.0.1:5000
 * Running on http://192.168.100.147:5000
2025-03-28 00:14:36,677 - werkzeug - INFO - [33mPress CTRL+C to quit[0m
2025-03-28 00:14:41,424 - werkzeug - INFO - 127.0.0.1 - - [28/Mar/2025 00:14:41] "GET /login?next=/ HTTP/1.1" 200 -
2025-03-28 00:14:48,354 - __main__ - INFO - User: admin - Action: login - File: None
2025-03-28 00:14:48,364 - werkzeug - INFO - 127.0.0.1 - - [28/Mar/2025 00:14:48] "[32mPOST /login HTTP/1.1[0m" 302 -
2025-03-28 00:14:48,403 - werkzeug - INFO - 127.0.0.1 - - [28/Mar/2025 00:14:48] "GET /documents HTTP/1.1" 200 -
2025-03-28 00:14:56,416 - werkzeug - INFO - 127.0.0.1 - - [28/Mar/2025 00:14:56] "GET /admin/upload HTTP/1.1" 200 -
2025-03-28 00:14:59,275 - werkzeug - INFO - 127.0.0.1 - - [28/Mar/2025 00:14:59] "GET /admin/upload HTTP/1.1" 200 -
2025-03-28 00:15:02,794 - werkzeug - INFO - 127.0.0.1 - - [28/Mar/2025 00:15:02] "GET /admin/users HTTP/1.1" 200 -
2025-03-28 00:15:13,280 - __main__ - INFO - User: admin - Action: logout - File: None
2025-03-28 00:15:13,281 - werkzeug - INFO - 127.0.0.1 - - [28/Mar/2025 00:15:13] "[32mGET /logout HTTP/1.1[0m" 302 -
2025-03-28 00:15:13,286 - werkzeug - INFO - 127.0.0.1 - - [28/Mar/2025 00:15:13] "GET /login HTTP/1.1" 200 -
2025-03-28 00:35:09,203 - werkzeug - INFO - [31m[1mWARNING: This is a development server. Do not use it in a production deployment. Use a production WSGI server instead.[0m
 * Running on all addresses (0.0.0.0)
 * Running on http://127.0.0.1:5000
 * Running on http://192.168.100.147:5000
2025-03-28 00:35:09,203 - werkzeug - INFO - [33mPress CTRL+C to quit[0m
2025-03-28 00:35:13,362 - werkzeug - INFO - 127.0.0.1 - - [28/Mar/2025 00:35:13] "GET /login?next=/ HTTP/1.1" 200 -
2025-03-28 00:35:19,867 - __main__ - INFO - User: admin - Action: login - File: None
2025-03-28 00:35:19,885 - werkzeug - INFO - 127.0.0.1 - - [28/Mar/2025 00:35:19] "[32mPOST /login HTTP/1.1[0m" 302 -
2025-03-28 00:35:19,943 - werkzeug - INFO - 127.0.0.1 - - [28/Mar/2025 00:35:19] "GET /documents HTTP/1.1" 200 -
2025-03-28 00:35:24,546 - werkzeug - INFO - 127.0.0.1 - - [28/Mar/2025 00:35:24] "GET /admin/policy HTTP/1.1" 200 -
2025-03-28 00:36:58,230 - werkzeug - INFO - 127.0.0.1 - - [28/Mar/2025 00:36:58] "[32mPOST /admin/policy HTTP/1.1[0m" 302 -
2025-03-28 00:36:58,236 - werkzeug - INFO - 127.0.0.1 - - [28/Mar/2025 00:36:58] "GET /admin/policy HTTP/1.1" 200 -
2025-03-28 00:37:04,744 - werkzeug - INFO - 127.0.0.1 - - [28/Mar/2025 00:37:04] "GET /documents HTTP/1.1" 200 -
2025-03-28 00:37:08,454 - werkzeug - INFO - 127.0.0.1 - - [28/Mar/2025 00:37:08] "GET /admin/upload HTTP/1.1" 200 -
2025-03-28 00:37:26,996 - __main__ - INFO - User: admin - Action: upload - File: New_Microsoft_Word_Document_2_1.pdf
2025-03-28 00:37:26,996 - werkzeug - INFO - 127.0.0.1 - - [28/Mar/2025 00:37:26] "[32mPOST /upload HTTP/1.1[0m" 302 -
2025-03-28 00:37:27,008 - werkzeug - INFO - 127.0.0.1 - - [28/Mar/2025 00:37:27] "GET /documents HTTP/1.1" 200 -
2025-03-28 00:37:40,974 - werkzeug - INFO - 127.0.0.1 - - [28/Mar/2025 00:37:40] "GET /admin/policy HTTP/1.1" 200 -
2025-03-28 00:37:47,904 - werkzeug - INFO - 127.0.0.1 - - [28/Mar/2025 00:37:47] "GET /documents HTTP/1.1" 200 -
2025-03-28 00:38:07,676 - werkzeug - INFO - 127.0.0.1 - - [28/Mar/2025 00:38:07] "GET /admin/policy HTTP/1.1" 200 -
2025-03-28 00:38:28,912 - werkzeug - INFO - 127.0.0.1 - - [28/Mar/2025 00:38:28] "GET /documents HTTP/1.1" 200 -
2025-03-28 00:50:38,676 - werkzeug - INFO - [31m[1mWARNING: This is a development server. Do not use it in a production deployment. Use a production WSGI server instead.[0m
 * Running on all addresses (0.0.0.0)
 * Running on http://127.0.0.1:5000
 * Running on http://192.168.100.147:5000
2025-03-28 00:50:38,676 - werkzeug - INFO - [33mPress CTRL+C to quit[0m
2025-03-28 00:50:45,938 - __main__ - INFO - User: admin - Action: logout - File: None
2025-03-28 00:50:45,939 - werkzeug - INFO - 127.0.0.1 - - [28/Mar/2025 00:50:45] "[32mGET /logout HTTP/1.1[0m" 302 -
2025-03-28 00:50:45,948 - werkzeug - INFO - 127.0.0.1 - - [28/Mar/2025 00:50:45] "GET /login HTTP/1.1" 200 -
2025-03-28 00:50:48,380 - werkzeug - INFO - 127.0.0.1 - - [28/Mar/2025 00:50:48] "GET /login?next=/ HTTP/1.1" 200 -
2025-03-28 00:50:57,007 - __main__ - INFO - User: admin - Action: login - File: None
2025-03-28 00:50:57,010 - werkzeug - INFO - 127.0.0.1 - - [28/Mar/2025 00:50:57] "[32mPOST /login HTTP/1.1[0m" 302 -
2025-03-28 00:50:57,062 - werkzeug - INFO - 127.0.0.1 - - [28/Mar/2025 00:50:57] "GET /documents HTTP/1.1" 200 -
2025-03-28 00:51:22,241 - werkzeug - INFO - 127.0.0.1 - - [28/Mar/2025 00:51:22] "GET /admin/policy HTTP/1.1" 200 -
2025-03-28 00:51:50,752 - werkzeug - INFO - 127.0.0.1 - - [28/Mar/2025 00:51:50] "GET /documents HTTP/1.1" 200 -
2025-03-28 00:52:07,458 - werkzeug - INFO - 127.0.0.1 - - [28/Mar/2025 00:52:07] "GET /admin/upload HTTP/1.1" 200 -
2025-03-28 00:52:20,646 - __main__ - INFO - User: admin - Action: upload - File: Small_business_cash_flow_forecast1_1_2.pdf
2025-03-28 00:52:20,646 - werkzeug - INFO - 127.0.0.1 - - [28/Mar/2025 00:52:20] "[32mPOST /upload HTTP/1.1[0m" 302 -
2025-03-28 00:52:20,657 - werkzeug - INFO - 127.0.0.1 - - [28/Mar/2025 00:52:20] "GET /documents HTTP/1.1" 200 -
2025-03-28 00:52:27,864 - werkzeug - INFO - 127.0.0.1 - - [28/Mar/2025 00:52:27] "GET /preview/Small_business_cash_flow_forecast1_1_2.pdf HTTP/1.1" 200 -
2025-03-28 00:52:30,929 - werkzeug - INFO - 127.0.0.1 - - [28/Mar/2025 00:52:30] "[32mGET / HTTP/1.1[0m" 302 -
2025-03-28 00:52:30,936 - werkzeug - INFO - 127.0.0.1 - - [28/Mar/2025 00:52:30] "GET /documents HTTP/1.1" 200 -
2025-03-28 00:52:36,171 - werkzeug - INFO - 127.0.0.1 - - [28/Mar/2025 00:52:36] "GET /admin/users HTTP/1.1" 200 -
2025-03-28 00:52:46,633 - werkzeug - INFO - 127.0.0.1 - - [28/Mar/2025 00:52:46] "GET /admin/policy HTTP/1.1" 200 -
2025-03-28 01:05:49,267 - werkzeug - INFO - [31m[1mWARNING: This is a development server. Do not use it in a production deployment. Use a production WSGI server instead.[0m
 * Running on all addresses (0.0.0.0)
 * Running on http://127.0.0.1:5000
 * Running on http://192.168.100.147:5000
2025-03-28 01:05:49,267 - werkzeug - INFO - [33mPress CTRL+C to quit[0m
2025-03-28 01:05:55,699 - werkzeug - INFO - 127.0.0.1 - - [28/Mar/2025 01:05:55] "[32mGET /login?next=/ HTTP/1.1[0m" 302 -
2025-03-28 01:05:55,747 - werkzeug - INFO - 127.0.0.1 - - [28/Mar/2025 01:05:55] "GET /documents HTTP/1.1" 200 -
2025-03-28 01:05:59,005 - __main__ - INFO - User: admin - Action: logout - File: None
2025-03-28 01:05:59,006 - werkzeug - INFO - 127.0.0.1 - - [28/Mar/2025 01:05:59] "[32mGET /logout HTTP/1.1[0m" 302 -
2025-03-28 01:05:59,025 - werkzeug - INFO - 127.0.0.1 - - [28/Mar/2025 01:05:59] "GET /login HTTP/1.1" 200 -
2025-03-28 01:06:05,803 - __main__ - INFO - User: admin - Action: login - File: None
2025-03-28 01:06:05,805 - werkzeug - INFO - 127.0.0.1 - - [28/Mar/2025 01:06:05] "[32mPOST /login HTTP/1.1[0m" 302 -
2025-03-28 01:06:05,812 - werkzeug - INFO - 127.0.0.1 - - [28/Mar/2025 01:06:05] "GET /documents HTTP/1.1" 200 -
2025-03-28 01:06:09,209 - werkzeug - INFO - 127.0.0.1 - - [28/Mar/2025 01:06:09] "GET /admin/policy HTTP/1.1" 200 -
2025-03-28 01:06:11,951 - werkzeug - INFO - 127.0.0.1 - - [28/Mar/2025 01:06:11] "GET /admin/policy/edit/1 HTTP/1.1" 200 -
2025-03-28 01:06:36,688 - werkzeug - INFO - 127.0.0.1 - - [28/Mar/2025 01:06:36] "[32mPOST /admin/policy/edit/1 HTTP/1.1[0m" 302 -
2025-03-28 01:06:36,694 - werkzeug - INFO - 127.0.0.1 - - [28/Mar/2025 01:06:36] "GET /admin/policy HTTP/1.1" 200 -
2025-03-28 01:06:40,377 - werkzeug - INFO - 127.0.0.1 - - [28/Mar/2025 01:06:40] "GET /documents HTTP/1.1" 200 -
2025-03-28 01:06:43,741 - werkzeug - INFO - 127.0.0.1 - - [28/Mar/2025 01:06:43] "GET /admin/upload HTTP/1.1" 200 -
2025-03-28 01:06:57,442 - werkzeug - INFO - 127.0.0.1 - - [28/Mar/2025 01:06:57] "[32mPOST /upload HTTP/1.1[0m" 302 -
2025-03-28 01:06:57,450 - werkzeug - INFO - 127.0.0.1 - - [28/Mar/2025 01:06:57] "GET /documents HTTP/1.1" 200 -
2025-03-28 01:07:04,530 - werkzeug - INFO - 127.0.0.1 - - [28/Mar/2025 01:07:04] "GET /admin/upload HTTP/1.1" 200 -
2025-03-28 01:07:14,973 - __main__ - INFO - User: admin - Action: upload - File: New_Microsoft_Word_Document_2_1.docx
2025-03-28 01:07:14,973 - werkzeug - INFO - 127.0.0.1 - - [28/Mar/2025 01:07:14] "[32mPOST /upload HTTP/1.1[0m" 302 -
2025-03-28 01:07:14,985 - werkzeug - INFO - 127.0.0.1 - - [28/Mar/2025 01:07:14] "GET /documents HTTP/1.1" 200 -
2025-03-28 01:07:29,520 - __main__ - INFO - User: admin - Action: delete - File: Small_business_cash_flow_forecast1_1_2.pdf
2025-03-28 01:07:29,521 - werkzeug - INFO - 127.0.0.1 - - [28/Mar/2025 01:07:29] "[32mGET /delete/Small_business_cash_flow_forecast1_1_2.pdf HTTP/1.1[0m" 302 -
2025-03-28 01:07:29,529 - werkzeug - INFO - 127.0.0.1 - - [28/Mar/2025 01:07:29] "GET /documents HTTP/1.1" 200 -
2025-03-28 01:07:32,123 - __main__ - INFO - User: admin - Action: delete - File: New_Microsoft_Word_Document_2_1.pdf
2025-03-28 01:07:32,123 - werkzeug - INFO - 127.0.0.1 - - [28/Mar/2025 01:07:32] "[32mGET /delete/New_Microsoft_Word_Document_2_1.pdf HTTP/1.1[0m" 302 -
2025-03-28 01:07:32,135 - werkzeug - INFO - 127.0.0.1 - - [28/Mar/2025 01:07:32] "GET /documents HTTP/1.1" 200 -
2025-03-28 01:07:37,584 - werkzeug - INFO - 127.0.0.1 - - [28/Mar/2025 01:07:37] "GET /admin/upload HTTP/1.1" 200 -
2025-03-28 01:07:47,284 - __main__ - INFO - User: admin - Action: upload - File: Small_business_cash_flow_forecast1_1_2.pdf
2025-03-28 01:07:47,284 - werkzeug - INFO - 127.0.0.1 - - [28/Mar/2025 01:07:47] "[32mPOST /upload HTTP/1.1[0m" 302 -
2025-03-28 01:07:47,290 - werkzeug - INFO - 127.0.0.1 - - [28/Mar/2025 01:07:47] "GET /documents HTTP/1.1" 200 -
2025-03-28 01:07:59,222 - werkzeug - INFO - 127.0.0.1 - - [28/Mar/2025 01:07:59] "GET /admin/upload HTTP/1.1" 200 -
2025-03-28 01:08:07,118 - __main__ - INFO - User: admin - Action: upload - File: New_Microsoft_Word_Document_2_1.pdf
2025-03-28 01:08:07,118 - werkzeug - INFO - 127.0.0.1 - - [28/Mar/2025 01:08:07] "[32mPOST /upload HTTP/1.1[0m" 302 -
2025-03-28 01:08:07,130 - werkzeug - INFO - 127.0.0.1 - - [28/Mar/2025 01:08:07] "GET /documents HTTP/1.1" 200 -
2025-03-28 01:08:21,165 - werkzeug - INFO - 127.0.0.1 - - [28/Mar/2025 01:08:21] "GET /admin/upload HTTP/1.1" 200 -
2025-03-28 01:08:27,140 - __main__ - INFO - User: admin - Action: upload - File: Small_business_cash_flow_forecast1_1_2_3.pdf
2025-03-28 01:08:27,140 - werkzeug - INFO - 127.0.0.1 - - [28/Mar/2025 01:08:27] "[32mPOST /upload HTTP/1.1[0m" 302 -
2025-03-28 01:08:27,145 - werkzeug - INFO - 127.0.0.1 - - [28/Mar/2025 01:08:27] "GET /documents HTTP/1.1" 200 -
2025-03-28 01:08:36,699 - werkzeug - INFO - 127.0.0.1 - - [28/Mar/2025 01:08:36] "GET /admin/upload HTTP/1.1" 200 -
2025-03-28 01:08:42,525 - __main__ - INFO - User: admin - Action: upload - File: Small_business_cash_flow_forecast1_1_2_3_4.pdf
2025-03-28 01:08:42,525 - werkzeug - INFO - 127.0.0.1 - - [28/Mar/2025 01:08:42] "[32mPOST /upload HTTP/1.1[0m" 302 -
2025-03-28 01:08:42,531 - werkzeug - INFO - 127.0.0.1 - - [28/Mar/2025 01:08:42] "GET /documents HTTP/1.1" 200 -
2025-03-28 01:09:00,941 - werkzeug - INFO - 127.0.0.1 - - [28/Mar/2025 01:09:00] "GET /admin/policy HTTP/1.1" 200 -
2025-03-28 01:09:58,001 - werkzeug - INFO - 127.0.0.1 - - [28/Mar/2025 01:09:58] "[32mPOST /admin/policy HTTP/1.1[0m" 302 -
2025-03-28 01:09:58,011 - werkzeug - INFO - 127.0.0.1 - - [28/Mar/2025 01:09:58] "GET /admin/policy HTTP/1.1" 200 -
2025-03-28 01:10:02,721 - werkzeug - INFO - 127.0.0.1 - - [28/Mar/2025 01:10:02] "GET /documents HTTP/1.1" 200 -
2025-03-28 01:10:04,925 - werkzeug - INFO - 127.0.0.1 - - [28/Mar/2025 01:10:04] "GET /admin/upload HTTP/1.1" 200 -
2025-03-28 01:10:12,156 - __main__ - INFO - User: admin - Action: upload - File: New_Microsoft_Word_Document_1.docx
2025-03-28 01:10:12,156 - werkzeug - INFO - 127.0.0.1 - - [28/Mar/2025 01:10:12] "[32mPOST /upload HTTP/1.1[0m" 302 -
2025-03-28 01:10:12,162 - werkzeug - INFO - 127.0.0.1 - - [28/Mar/2025 01:10:12] "GET /documents HTTP/1.1" 200 -
2025-03-28 01:10:24,685 - werkzeug - INFO - 127.0.0.1 - - [28/Mar/2025 01:10:24] "GET /admin/upload HTTP/1.1" 200 -
2025-03-28 01:10:31,869 - __main__ - INFO - User: admin - Action: upload - File: New_Microsoft_Word_Document_1_2.docx
2025-03-28 01:10:31,870 - werkzeug - INFO - 127.0.0.1 - - [28/Mar/2025 01:10:31] "[32mPOST /upload HTTP/1.1[0m" 302 -
2025-03-28 01:10:31,878 - werkzeug - INFO - 127.0.0.1 - - [28/Mar/2025 01:10:31] "GET /documents HTTP/1.1" 200 -
2025-03-28 01:11:08,097 - __main__ - INFO - User: admin - Action: logout - File: None
2025-03-28 01:11:08,099 - werkzeug - INFO - 127.0.0.1 - - [28/Mar/2025 01:11:08] "[32mGET /logout HTTP/1.1[0m" 302 -
2025-03-28 01:11:08,103 - werkzeug - INFO - 127.0.0.1 - - [28/Mar/2025 01:11:08] "GET /login HTTP/1.1" 200 -
2025-03-28 01:11:18,560 - __main__ - INFO - User: deneme - Action: login - File: None
2025-03-28 01:11:18,562 - werkzeug - INFO - 127.0.0.1 - - [28/Mar/2025 01:11:18] "[32mPOST /login HTTP/1.1[0m" 302 -
2025-03-28 01:11:18,564 - werkzeug - INFO - 127.0.0.1 - - [28/Mar/2025 01:11:18] "GET /documents HTTP/1.1" 200 -
2025-03-28 01:11:36,859 - werkzeug - INFO - 127.0.0.1 - - [28/Mar/2025 01:11:36] "GET /documents?query=prj01&filter_category=&per_page=10 HTTP/1.1" 200 -
2025-03-28 01:11:44,930 - werkzeug - INFO - 127.0.0.1 - - [28/Mar/2025 01:11:44] "GET /documents?query=PRJ01&filter_category=&per_page=10 HTTP/1.1" 200 -
2025-03-28 01:11:46,925 - werkzeug - INFO - 127.0.0.1 - - [28/Mar/2025 01:11:46] "GET /documents HTTP/1.1" 200 -
2025-03-28 01:12:12,763 - __main__ - INFO - User: deneme - Action: logout - File: None
2025-03-28 01:12:12,764 - werkzeug - INFO - 127.0.0.1 - - [28/Mar/2025 01:12:12] "[32mGET /logout HTTP/1.1[0m" 302 -
2025-03-28 01:12:12,770 - werkzeug - INFO - 127.0.0.1 - - [28/Mar/2025 01:12:12] "GET /login HTTP/1.1" 200 -
2025-03-28 01:13:19,958 - __main__ - INFO - User: admin - Action: login - File: None
2025-03-28 01:13:19,959 - werkzeug - INFO - 127.0.0.1 - - [28/Mar/2025 01:13:19] "[32mPOST /login HTTP/1.1[0m" 302 -
2025-03-28 01:13:19,969 - werkzeug - INFO - 127.0.0.1 - - [28/Mar/2025 01:13:19] "GET /documents HTTP/1.1" 200 -
2025-03-28 01:13:25,425 - werkzeug - INFO - 127.0.0.1 - - [28/Mar/2025 01:13:25] "GET /admin/upload HTTP/1.1" 200 -
2025-03-28 01:13:36,649 - __main__ - INFO - User: admin - Action: upload - File: Small_business_cash_flow_forecast1_1_2_3_4_5.pdf
2025-03-28 01:13:36,649 - werkzeug - INFO - 127.0.0.1 - - [28/Mar/2025 01:13:36] "[32mPOST /upload HTTP/1.1[0m" 302 -
2025-03-28 01:13:36,662 - werkzeug - INFO - 127.0.0.1 - - [28/Mar/2025 01:13:36] "GET /documents HTTP/1.1" 200 -
2025-03-28 01:13:45,921 - werkzeug - INFO - 127.0.0.1 - - [28/Mar/2025 01:13:45] "GET /admin/policy HTTP/1.1" 200 -
2025-03-28 01:14:03,700 - werkzeug - INFO - 127.0.0.1 - - [28/Mar/2025 01:14:03] "GET /documents HTTP/1.1" 200 -
2025-03-28 01:15:15,017 - werkzeug - INFO - 127.0.0.1 - - [28/Mar/2025 01:15:15] "GET /admin/upload HTTP/1.1" 200 -
2025-03-28 01:15:31,818 - werkzeug - INFO - 127.0.0.1 - - [28/Mar/2025 01:15:31] "GET /documents HTTP/1.1" 200 -
2025-03-28 01:16:07,556 - __main__ - INFO - User: admin - Action: delete - File: Small_business_cash_flow_forecast1_1_2_3.pdf
2025-03-28 01:16:07,556 - werkzeug - INFO - 127.0.0.1 - - [28/Mar/2025 01:16:07] "[32mGET /delete/Small_business_cash_flow_forecast1_1_2_3.pdf HTTP/1.1[0m" 302 -
2025-03-28 01:16:07,563 - werkzeug - INFO - 127.0.0.1 - - [28/Mar/2025 01:16:07] "GET /documents HTTP/1.1" 200 -
2025-03-28 01:16:09,629 - werkzeug - INFO - 127.0.0.1 - - [28/Mar/2025 01:16:09] "GET /admin/upload HTTP/1.1" 200 -
2025-03-28 01:16:14,122 - __main__ - INFO - User: admin - Action: upload - File: New_Microsoft_Excel_Worksheet_1.xlsx
2025-03-28 01:16:14,124 - werkzeug - INFO - 127.0.0.1 - - [28/Mar/2025 01:16:14] "[32mPOST /upload HTTP/1.1[0m" 302 -
2025-03-28 01:16:14,131 - werkzeug - INFO - 127.0.0.1 - - [28/Mar/2025 01:16:14] "GET /documents HTTP/1.1" 200 -
2025-03-28 02:05:22,636 - __main__ - INFO - User: admin - Action: logout - File: None
2025-03-28 02:05:22,638 - werkzeug - INFO - 127.0.0.1 - - [28/Mar/2025 02:05:22] "[32mGET /logout HTTP/1.1[0m" 302 -
2025-03-28 02:05:22,643 - werkzeug - INFO - 127.0.0.1 - - [28/Mar/2025 02:05:22] "GET /login HTTP/1.1" 200 -
2025-03-28 02:09:05,580 - werkzeug - INFO - [31m[1mWARNING: This is a development server. Do not use it in a production deployment. Use a production WSGI server instead.[0m
 * Running on all addresses (0.0.0.0)
 * Running on http://127.0.0.1:5000
 * Running on http://192.168.100.147:5000
2025-03-28 02:09:05,581 - werkzeug - INFO - [33mPress CTRL+C to quit[0m
2025-03-28 02:09:13,659 - werkzeug - INFO - 127.0.0.1 - - [28/Mar/2025 02:09:13] "GET /login?next=/ HTTP/1.1" 200 -
2025-03-28 02:09:21,192 - __main__ - INFO - User: admin - Action: login - File: None
2025-03-28 02:09:21,195 - werkzeug - INFO - 127.0.0.1 - - [28/Mar/2025 02:09:21] "[32mPOST /login HTTP/1.1[0m" 302 -
2025-03-28 02:09:21,225 - werkzeug - INFO - 127.0.0.1 - - [28/Mar/2025 02:09:21] "GET /documents HTTP/1.1" 200 -
2025-03-28 02:09:27,077 - werkzeug - INFO - 127.0.0.1 - - [28/Mar/2025 02:09:27] "GET /admin/policy HTTP/1.1" 200 -
2025-03-28 02:09:32,381 - werkzeug - INFO - 127.0.0.1 - - [28/Mar/2025 02:09:32] "GET /documents HTTP/1.1" 200 -
2025-03-28 02:09:33,543 - werkzeug - INFO - 127.0.0.1 - - [28/Mar/2025 02:09:33] "GET /admin/upload HTTP/1.1" 200 -
2025-03-28 02:09:40,603 - werkzeug - INFO - 127.0.0.1 - - [28/Mar/2025 02:09:40] "GET /documents HTTP/1.1" 200 -
2025-03-28 02:09:48,025 - __main__ - INFO - User: admin - Action: logout - File: None
2025-03-28 02:09:48,026 - werkzeug - INFO - 127.0.0.1 - - [28/Mar/2025 02:09:48] "[32mGET /logout HTTP/1.1[0m" 302 -
2025-03-28 02:09:48,032 - werkzeug - INFO - 127.0.0.1 - - [28/Mar/2025 02:09:48] "GET /login HTTP/1.1" 200 -
2025-03-28 02:19:02,192 - werkzeug - INFO - [31m[1mWARNING: This is a development server. Do not use it in a production deployment. Use a production WSGI server instead.[0m
 * Running on all addresses (0.0.0.0)
 * Running on http://127.0.0.1:5000
 * Running on http://192.168.100.147:5000
2025-03-28 02:19:02,193 - werkzeug - INFO - [33mPress CTRL+C to quit[0m
2025-03-28 02:19:06,553 - werkzeug - INFO - 127.0.0.1 - - [28/Mar/2025 02:19:06] "GET /login?next=/ HTTP/1.1" 200 -
2025-03-28 02:19:14,996 - __main__ - INFO - User: admin - Action: login - File: None
2025-03-28 02:19:15,003 - werkzeug - INFO - 127.0.0.1 - - [28/Mar/2025 02:19:15] "[32mPOST /login HTTP/1.1[0m" 302 -
2025-03-28 02:19:15,037 - werkzeug - INFO - 127.0.0.1 - - [28/Mar/2025 02:19:15] "GET /documents HTTP/1.1" 200 -
2025-03-28 02:19:19,530 - werkzeug - INFO - 127.0.0.1 - - [28/Mar/2025 02:19:19] "GET /admin/upload HTTP/1.1" 200 -
2025-03-28 02:20:17,413 - __main__ - ERROR - Upload error: cannot import name 'DocumentSequence' from 'models' (C:\Users\Admin\Desktop\dokuman_yonetim_sistemi\models.py)
2025-03-28 02:20:17,415 - werkzeug - INFO - 127.0.0.1 - - [28/Mar/2025 02:20:17] "[32mPOST /upload HTTP/1.1[0m" 302 -
2025-03-28 02:20:17,419 - werkzeug - INFO - 127.0.0.1 - - [28/Mar/2025 02:20:17] "GET /documents HTTP/1.1" 200 -
2025-03-28 02:20:26,676 - werkzeug - INFO - 127.0.0.1 - - [28/Mar/2025 02:20:26] "GET /admin/policy HTTP/1.1" 200 -
2025-03-28 02:20:30,930 - werkzeug - INFO - 127.0.0.1 - - [28/Mar/2025 02:20:30] "[32mPOST /admin/policy/delete/2 HTTP/1.1[0m" 302 -
2025-03-28 02:20:30,938 - werkzeug - INFO - 127.0.0.1 - - [28/Mar/2025 02:20:30] "GET /admin/policy HTTP/1.1" 200 -
2025-03-28 02:20:33,255 - werkzeug - INFO - 127.0.0.1 - - [28/Mar/2025 02:20:33] "[32mPOST /admin/policy/delete/1 HTTP/1.1[0m" 302 -
2025-03-28 02:20:33,259 - werkzeug - INFO - 127.0.0.1 - - [28/Mar/2025 02:20:33] "GET /admin/policy HTTP/1.1" 200 -
2025-03-28 02:20:37,630 - werkzeug - INFO - 127.0.0.1 - - [28/Mar/2025 02:20:37] "GET /documents HTTP/1.1" 200 -
2025-03-28 02:20:39,521 - werkzeug - INFO - 127.0.0.1 - - [28/Mar/2025 02:20:39] "GET /admin/policy HTTP/1.1" 200 -
2025-03-28 02:20:43,135 - werkzeug - INFO - 127.0.0.1 - - [28/Mar/2025 02:20:43] "GET /documents HTTP/1.1" 200 -
2025-03-28 02:20:44,500 - werkzeug - INFO - 127.0.0.1 - - [28/Mar/2025 02:20:44] "GET /admin/upload HTTP/1.1" 200 -
2025-03-28 02:21:00,653 - __main__ - ERROR - Upload error: cannot import name 'DocumentSequence' from 'models' (C:\Users\Admin\Desktop\dokuman_yonetim_sistemi\models.py)
2025-03-28 02:21:00,654 - werkzeug - INFO - 127.0.0.1 - - [28/Mar/2025 02:21:00] "[32mPOST /upload HTTP/1.1[0m" 302 -
2025-03-28 02:21:00,662 - werkzeug - INFO - 127.0.0.1 - - [28/Mar/2025 02:21:00] "GET /documents HTTP/1.1" 200 -
2025-03-28 02:21:03,924 - __main__ - INFO - User: admin - Action: logout - File: None
2025-03-28 02:21:03,925 - werkzeug - INFO - 127.0.0.1 - - [28/Mar/2025 02:21:03] "[32mGET /logout HTTP/1.1[0m" 302 -
2025-03-28 02:21:03,930 - werkzeug - INFO - 127.0.0.1 - - [28/Mar/2025 02:21:03] "GET /login HTTP/1.1" 200 -
2025-03-28 02:26:48,701 - werkzeug - INFO - [31m[1mWARNING: This is a development server. Do not use it in a production deployment. Use a production WSGI server instead.[0m
 * Running on all addresses (0.0.0.0)
 * Running on http://127.0.0.1:5000
 * Running on http://192.168.100.147:5000
2025-03-28 02:26:48,710 - werkzeug - INFO - [33mPress CTRL+C to quit[0m
2025-03-28 02:26:53,632 - werkzeug - INFO - 127.0.0.1 - - [28/Mar/2025 02:26:53] "GET /login?next=/ HTTP/1.1" 200 -
2025-03-28 02:27:00,993 - __main__ - INFO - User: admin - Action: login - File: None
2025-03-28 02:27:01,006 - werkzeug - INFO - 127.0.0.1 - - [28/Mar/2025 02:27:01] "[32mPOST /login HTTP/1.1[0m" 302 -
2025-03-28 02:27:01,041 - werkzeug - INFO - 127.0.0.1 - - [28/Mar/2025 02:27:01] "GET /documents HTTP/1.1" 200 -
2025-03-28 02:27:06,558 - app - ERROR - Exception on /admin/policy [GET]
Traceback (most recent call last):
  File "C:\Users\Admin\Desktop\dokuman_yonetim_sistemi\venv\Lib\site-packages\sqlalchemy\engine\base.py", line 1971, in _exec_single_context
    self.dialect.do_execute(
  File "C:\Users\Admin\Desktop\dokuman_yonetim_sistemi\venv\Lib\site-packages\sqlalchemy\engine\default.py", line 919, in do_execute
    cursor.execute(statement, parameters)
sqlite3.OperationalError: no such column: document_policies.project_code

The above exception was the direct cause of the following exception:

Traceback (most recent call last):
  File "C:\Users\Admin\Desktop\dokuman_yonetim_sistemi\venv\Lib\site-packages\flask\app.py", line 2190, in wsgi_app
    response = self.full_dispatch_request()
               ^^^^^^^^^^^^^^^^^^^^^^^^^^^^
  File "C:\Users\Admin\Desktop\dokuman_yonetim_sistemi\venv\Lib\site-packages\flask\app.py", line 1486, in full_dispatch_request
    rv = self.handle_user_exception(e)
         ^^^^^^^^^^^^^^^^^^^^^^^^^^^^^
  File "C:\Users\Admin\Desktop\dokuman_yonetim_sistemi\venv\Lib\site-packages\flask\app.py", line 1484, in full_dispatch_request
    rv = self.dispatch_request()
         ^^^^^^^^^^^^^^^^^^^^^^^
  File "C:\Users\Admin\Desktop\dokuman_yonetim_sistemi\venv\Lib\site-packages\flask\app.py", line 1469, in dispatch_request
    return self.ensure_sync(self.view_functions[rule.endpoint])(**view_args)
           ^^^^^^^^^^^^^^^^^^^^^^^^^^^^^^^^^^^^^^^^^^^^^^^^^^^^^^^^^^^^^^^^^
  File "C:\Users\Admin\Desktop\dokuman_yonetim_sistemi\venv\Lib\site-packages\flask_login\utils.py", line 290, in decorated_view
    return current_app.ensure_sync(func)(*args, **kwargs)
           ^^^^^^^^^^^^^^^^^^^^^^^^^^^^^^^^^^^^^^^^^^^^^^
  File "C:\Users\Admin\Desktop\dokuman_yonetim_sistemi\app.py", line 83, in decorated_function
    return f(*args, **kwargs)
           ^^^^^^^^^^^^^^^^^^
  File "C:\Users\Admin\Desktop\dokuman_yonetim_sistemi\app.py", line 456, in manage_policy
    policies = DocumentPolicy.query.order_by(DocumentPolicy.applied_at.desc()).all()
               ^^^^^^^^^^^^^^^^^^^^^^^^^^^^^^^^^^^^^^^^^^^^^^^^^^^^^^^^^^^^^^^^^^^^^
  File "C:\Users\Admin\Desktop\dokuman_yonetim_sistemi\venv\Lib\site-packages\sqlalchemy\orm\query.py", line 2673, in all
    return self._iter().all()  # type: ignore
           ^^^^^^^^^^^^
  File "C:\Users\Admin\Desktop\dokuman_yonetim_sistemi\venv\Lib\site-packages\sqlalchemy\orm\query.py", line 2827, in _iter
    result: Union[ScalarResult[_T], Result[_T]] = self.session.execute(
                                                  ^^^^^^^^^^^^^^^^^^^^^
  File "C:\Users\Admin\Desktop\dokuman_yonetim_sistemi\venv\Lib\site-packages\sqlalchemy\orm\session.py", line 2306, in execute
    return self._execute_internal(
           ^^^^^^^^^^^^^^^^^^^^^^^
  File "C:\Users\Admin\Desktop\dokuman_yonetim_sistemi\venv\Lib\site-packages\sqlalchemy\orm\session.py", line 2191, in _execute_internal
    result: Result[Any] = compile_state_cls.orm_execute_statement(
                          ^^^^^^^^^^^^^^^^^^^^^^^^^^^^^^^^^^^^^^^^
  File "C:\Users\Admin\Desktop\dokuman_yonetim_sistemi\venv\Lib\site-packages\sqlalchemy\orm\context.py", line 293, in orm_execute_statement
    result = conn.execute(
             ^^^^^^^^^^^^^
  File "C:\Users\Admin\Desktop\dokuman_yonetim_sistemi\venv\Lib\site-packages\sqlalchemy\engine\base.py", line 1422, in execute
    return meth(
           ^^^^^
  File "C:\Users\Admin\Desktop\dokuman_yonetim_sistemi\venv\Lib\site-packages\sqlalchemy\sql\elements.py", line 514, in _execute_on_connection
    return connection._execute_clauseelement(
           ^^^^^^^^^^^^^^^^^^^^^^^^^^^^^^^^^^
  File "C:\Users\Admin\Desktop\dokuman_yonetim_sistemi\venv\Lib\site-packages\sqlalchemy\engine\base.py", line 1644, in _execute_clauseelement
    ret = self._execute_context(
          ^^^^^^^^^^^^^^^^^^^^^^
  File "C:\Users\Admin\Desktop\dokuman_yonetim_sistemi\venv\Lib\site-packages\sqlalchemy\engine\base.py", line 1850, in _execute_context
    return self._exec_single_context(
           ^^^^^^^^^^^^^^^^^^^^^^^^^^
  File "C:\Users\Admin\Desktop\dokuman_yonetim_sistemi\venv\Lib\site-packages\sqlalchemy\engine\base.py", line 1990, in _exec_single_context
    self._handle_dbapi_exception(
  File "C:\Users\Admin\Desktop\dokuman_yonetim_sistemi\venv\Lib\site-packages\sqlalchemy\engine\base.py", line 2357, in _handle_dbapi_exception
    raise sqlalchemy_exception.with_traceback(exc_info[2]) from e
  File "C:\Users\Admin\Desktop\dokuman_yonetim_sistemi\venv\Lib\site-packages\sqlalchemy\engine\base.py", line 1971, in _exec_single_context
    self.dialect.do_execute(
  File "C:\Users\Admin\Desktop\dokuman_yonetim_sistemi\venv\Lib\site-packages\sqlalchemy\engine\default.py", line 919, in do_execute
    cursor.execute(statement, parameters)
sqlalchemy.exc.OperationalError: (sqlite3.OperationalError) no such column: document_policies.project_code
[SQL: SELECT document_policies.id AS document_policies_id, document_policies.project_code AS document_policies_project_code, document_policies.revision_format AS document_policies_revision_format, document_policies.applied_at AS document_policies_applied_at 
FROM document_policies ORDER BY document_policies.applied_at DESC]
(Background on this error at: https://sqlalche.me/e/20/e3q8)
2025-03-28 02:27:06,706 - __main__ - ERROR - Server error: 500 Internal Server Error: The server encountered an internal error and was unable to complete your request. Either the server is overloaded or there is an error in the application.
2025-03-28 02:27:06,727 - werkzeug - INFO - 127.0.0.1 - - [28/Mar/2025 02:27:06] "[35m[1mGET /admin/policy HTTP/1.1[0m" 500 -
2025-03-28 02:27:08,477 - werkzeug - INFO - 127.0.0.1 - - [28/Mar/2025 02:27:08] "[32mGET / HTTP/1.1[0m" 302 -
2025-03-28 02:27:08,485 - werkzeug - INFO - 127.0.0.1 - - [28/Mar/2025 02:27:08] "GET /documents HTTP/1.1" 200 -
2025-03-28 02:27:09,428 - app - ERROR - Exception on /admin/policy [GET]
Traceback (most recent call last):
  File "C:\Users\Admin\Desktop\dokuman_yonetim_sistemi\venv\Lib\site-packages\sqlalchemy\engine\base.py", line 1971, in _exec_single_context
    self.dialect.do_execute(
  File "C:\Users\Admin\Desktop\dokuman_yonetim_sistemi\venv\Lib\site-packages\sqlalchemy\engine\default.py", line 919, in do_execute
    cursor.execute(statement, parameters)
sqlite3.OperationalError: no such column: document_policies.project_code

The above exception was the direct cause of the following exception:

Traceback (most recent call last):
  File "C:\Users\Admin\Desktop\dokuman_yonetim_sistemi\venv\Lib\site-packages\flask\app.py", line 2190, in wsgi_app
    response = self.full_dispatch_request()
               ^^^^^^^^^^^^^^^^^^^^^^^^^^^^
  File "C:\Users\Admin\Desktop\dokuman_yonetim_sistemi\venv\Lib\site-packages\flask\app.py", line 1486, in full_dispatch_request
    rv = self.handle_user_exception(e)
         ^^^^^^^^^^^^^^^^^^^^^^^^^^^^^
  File "C:\Users\Admin\Desktop\dokuman_yonetim_sistemi\venv\Lib\site-packages\flask\app.py", line 1484, in full_dispatch_request
    rv = self.dispatch_request()
         ^^^^^^^^^^^^^^^^^^^^^^^
  File "C:\Users\Admin\Desktop\dokuman_yonetim_sistemi\venv\Lib\site-packages\flask\app.py", line 1469, in dispatch_request
    return self.ensure_sync(self.view_functions[rule.endpoint])(**view_args)
           ^^^^^^^^^^^^^^^^^^^^^^^^^^^^^^^^^^^^^^^^^^^^^^^^^^^^^^^^^^^^^^^^^
  File "C:\Users\Admin\Desktop\dokuman_yonetim_sistemi\venv\Lib\site-packages\flask_login\utils.py", line 290, in decorated_view
    return current_app.ensure_sync(func)(*args, **kwargs)
           ^^^^^^^^^^^^^^^^^^^^^^^^^^^^^^^^^^^^^^^^^^^^^^
  File "C:\Users\Admin\Desktop\dokuman_yonetim_sistemi\app.py", line 83, in decorated_function
    return f(*args, **kwargs)
           ^^^^^^^^^^^^^^^^^^
  File "C:\Users\Admin\Desktop\dokuman_yonetim_sistemi\app.py", line 456, in manage_policy
    policies = DocumentPolicy.query.order_by(DocumentPolicy.applied_at.desc()).all()
               ^^^^^^^^^^^^^^^^^^^^^^^^^^^^^^^^^^^^^^^^^^^^^^^^^^^^^^^^^^^^^^^^^^^^^
  File "C:\Users\Admin\Desktop\dokuman_yonetim_sistemi\venv\Lib\site-packages\sqlalchemy\orm\query.py", line 2673, in all
    return self._iter().all()  # type: ignore
           ^^^^^^^^^^^^
  File "C:\Users\Admin\Desktop\dokuman_yonetim_sistemi\venv\Lib\site-packages\sqlalchemy\orm\query.py", line 2827, in _iter
    result: Union[ScalarResult[_T], Result[_T]] = self.session.execute(
                                                  ^^^^^^^^^^^^^^^^^^^^^
  File "C:\Users\Admin\Desktop\dokuman_yonetim_sistemi\venv\Lib\site-packages\sqlalchemy\orm\session.py", line 2306, in execute
    return self._execute_internal(
           ^^^^^^^^^^^^^^^^^^^^^^^
  File "C:\Users\Admin\Desktop\dokuman_yonetim_sistemi\venv\Lib\site-packages\sqlalchemy\orm\session.py", line 2191, in _execute_internal
    result: Result[Any] = compile_state_cls.orm_execute_statement(
                          ^^^^^^^^^^^^^^^^^^^^^^^^^^^^^^^^^^^^^^^^
  File "C:\Users\Admin\Desktop\dokuman_yonetim_sistemi\venv\Lib\site-packages\sqlalchemy\orm\context.py", line 293, in orm_execute_statement
    result = conn.execute(
             ^^^^^^^^^^^^^
  File "C:\Users\Admin\Desktop\dokuman_yonetim_sistemi\venv\Lib\site-packages\sqlalchemy\engine\base.py", line 1422, in execute
    return meth(
           ^^^^^
  File "C:\Users\Admin\Desktop\dokuman_yonetim_sistemi\venv\Lib\site-packages\sqlalchemy\sql\elements.py", line 514, in _execute_on_connection
    return connection._execute_clauseelement(
           ^^^^^^^^^^^^^^^^^^^^^^^^^^^^^^^^^^
  File "C:\Users\Admin\Desktop\dokuman_yonetim_sistemi\venv\Lib\site-packages\sqlalchemy\engine\base.py", line 1644, in _execute_clauseelement
    ret = self._execute_context(
          ^^^^^^^^^^^^^^^^^^^^^^
  File "C:\Users\Admin\Desktop\dokuman_yonetim_sistemi\venv\Lib\site-packages\sqlalchemy\engine\base.py", line 1850, in _execute_context
    return self._exec_single_context(
           ^^^^^^^^^^^^^^^^^^^^^^^^^^
  File "C:\Users\Admin\Desktop\dokuman_yonetim_sistemi\venv\Lib\site-packages\sqlalchemy\engine\base.py", line 1990, in _exec_single_context
    self._handle_dbapi_exception(
  File "C:\Users\Admin\Desktop\dokuman_yonetim_sistemi\venv\Lib\site-packages\sqlalchemy\engine\base.py", line 2357, in _handle_dbapi_exception
    raise sqlalchemy_exception.with_traceback(exc_info[2]) from e
  File "C:\Users\Admin\Desktop\dokuman_yonetim_sistemi\venv\Lib\site-packages\sqlalchemy\engine\base.py", line 1971, in _exec_single_context
    self.dialect.do_execute(
  File "C:\Users\Admin\Desktop\dokuman_yonetim_sistemi\venv\Lib\site-packages\sqlalchemy\engine\default.py", line 919, in do_execute
    cursor.execute(statement, parameters)
sqlalchemy.exc.OperationalError: (sqlite3.OperationalError) no such column: document_policies.project_code
[SQL: SELECT document_policies.id AS document_policies_id, document_policies.project_code AS document_policies_project_code, document_policies.revision_format AS document_policies_revision_format, document_policies.applied_at AS document_policies_applied_at 
FROM document_policies ORDER BY document_policies.applied_at DESC]
(Background on this error at: https://sqlalche.me/e/20/e3q8)
2025-03-28 02:27:09,432 - __main__ - ERROR - Server error: 500 Internal Server Error: The server encountered an internal error and was unable to complete your request. Either the server is overloaded or there is an error in the application.
2025-03-28 02:27:09,434 - werkzeug - INFO - 127.0.0.1 - - [28/Mar/2025 02:27:09] "[35m[1mGET /admin/policy HTTP/1.1[0m" 500 -
2025-03-28 02:27:10,109 - werkzeug - INFO - 127.0.0.1 - - [28/Mar/2025 02:27:10] "[32mGET / HTTP/1.1[0m" 302 -
2025-03-28 02:27:10,116 - werkzeug - INFO - 127.0.0.1 - - [28/Mar/2025 02:27:10] "GET /documents HTTP/1.1" 200 -
2025-03-28 02:27:11,129 - werkzeug - INFO - 127.0.0.1 - - [28/Mar/2025 02:27:11] "GET /admin/upload HTTP/1.1" 200 -
2025-03-28 02:27:30,022 - __main__ - ERROR - Upload error: (sqlite3.OperationalError) no such column: document_policies.project_code
[SQL: SELECT document_policies.id AS document_policies_id, document_policies.project_code AS document_policies_project_code, document_policies.revision_format AS document_policies_revision_format, document_policies.applied_at AS document_policies_applied_at 
FROM document_policies ORDER BY document_policies.applied_at DESC
 LIMIT ? OFFSET ?]
[parameters: (1, 0)]
(Background on this error at: https://sqlalche.me/e/20/e3q8)
2025-03-28 02:27:30,027 - werkzeug - INFO - 127.0.0.1 - - [28/Mar/2025 02:27:30] "[32mPOST /upload HTTP/1.1[0m" 302 -
2025-03-28 02:27:30,034 - werkzeug - INFO - 127.0.0.1 - - [28/Mar/2025 02:27:30] "GET /documents HTTP/1.1" 200 -
2025-03-28 02:27:39,344 - __main__ - INFO - User: admin - Action: logout - File: None
2025-03-28 02:27:39,346 - werkzeug - INFO - 127.0.0.1 - - [28/Mar/2025 02:27:39] "[32mGET /logout HTTP/1.1[0m" 302 -
2025-03-28 02:27:39,350 - werkzeug - INFO - 127.0.0.1 - - [28/Mar/2025 02:27:39] "GET /login HTTP/1.1" 200 -
2025-03-28 02:47:31,101 - werkzeug - INFO - [31m[1mWARNING: This is a development server. Do not use it in a production deployment. Use a production WSGI server instead.[0m
 * Running on all addresses (0.0.0.0)
 * Running on http://127.0.0.1:5000
 * Running on http://192.168.100.147:5000
2025-03-28 02:47:31,102 - werkzeug - INFO - [33mPress CTRL+C to quit[0m
2025-03-28 03:03:52,456 - werkzeug - INFO - [31m[1mWARNING: This is a development server. Do not use it in a production deployment. Use a production WSGI server instead.[0m
 * Running on all addresses (0.0.0.0)
 * Running on http://127.0.0.1:5000
 * Running on http://192.168.100.147:5000
2025-03-28 03:03:52,461 - werkzeug - INFO - [33mPress CTRL+C to quit[0m
2025-03-28 03:03:58,924 - werkzeug - INFO - 127.0.0.1 - - [28/Mar/2025 03:03:58] "GET /login?next=/ HTTP/1.1" 200 -
2025-03-28 03:04:06,303 - __main__ - INFO - User: admin - Action: login - File: None
2025-03-28 03:04:06,305 - werkzeug - INFO - 127.0.0.1 - - [28/Mar/2025 03:04:06] "[32mPOST /login HTTP/1.1[0m" 302 -
2025-03-28 03:04:06,335 - werkzeug - INFO - 127.0.0.1 - - [28/Mar/2025 03:04:06] "GET /documents HTTP/1.1" 200 -
2025-03-28 03:04:09,619 - app - ERROR - Exception on /admin/policy [GET]
Traceback (most recent call last):
  File "C:\Users\Admin\Desktop\dokuman_yonetim_sistemi\venv\Lib\site-packages\sqlalchemy\engine\base.py", line 1971, in _exec_single_context
    self.dialect.do_execute(
  File "C:\Users\Admin\Desktop\dokuman_yonetim_sistemi\venv\Lib\site-packages\sqlalchemy\engine\default.py", line 919, in do_execute
    cursor.execute(statement, parameters)
sqlite3.OperationalError: no such column: document_policies.originator

The above exception was the direct cause of the following exception:

Traceback (most recent call last):
  File "C:\Users\Admin\Desktop\dokuman_yonetim_sistemi\venv\Lib\site-packages\flask\app.py", line 2190, in wsgi_app
    response = self.full_dispatch_request()
               ^^^^^^^^^^^^^^^^^^^^^^^^^^^^
  File "C:\Users\Admin\Desktop\dokuman_yonetim_sistemi\venv\Lib\site-packages\flask\app.py", line 1486, in full_dispatch_request
    rv = self.handle_user_exception(e)
         ^^^^^^^^^^^^^^^^^^^^^^^^^^^^^
  File "C:\Users\Admin\Desktop\dokuman_yonetim_sistemi\venv\Lib\site-packages\flask\app.py", line 1484, in full_dispatch_request
    rv = self.dispatch_request()
         ^^^^^^^^^^^^^^^^^^^^^^^
  File "C:\Users\Admin\Desktop\dokuman_yonetim_sistemi\venv\Lib\site-packages\flask\app.py", line 1469, in dispatch_request
    return self.ensure_sync(self.view_functions[rule.endpoint])(**view_args)
           ^^^^^^^^^^^^^^^^^^^^^^^^^^^^^^^^^^^^^^^^^^^^^^^^^^^^^^^^^^^^^^^^^
  File "C:\Users\Admin\Desktop\dokuman_yonetim_sistemi\venv\Lib\site-packages\flask_login\utils.py", line 290, in decorated_view
    return current_app.ensure_sync(func)(*args, **kwargs)
           ^^^^^^^^^^^^^^^^^^^^^^^^^^^^^^^^^^^^^^^^^^^^^^
  File "C:\Users\Admin\Desktop\dokuman_yonetim_sistemi\app.py", line 83, in decorated_function
    return f(*args, **kwargs)
           ^^^^^^^^^^^^^^^^^^
  File "C:\Users\Admin\Desktop\dokuman_yonetim_sistemi\app.py", line 513, in manage_policy
    policies = DocumentPolicy.query.order_by(DocumentPolicy.applied_at.desc()).all()
               ^^^^^^^^^^^^^^^^^^^^^^^^^^^^^^^^^^^^^^^^^^^^^^^^^^^^^^^^^^^^^^^^^^^^^
  File "C:\Users\Admin\Desktop\dokuman_yonetim_sistemi\venv\Lib\site-packages\sqlalchemy\orm\query.py", line 2673, in all
    return self._iter().all()  # type: ignore
           ^^^^^^^^^^^^
  File "C:\Users\Admin\Desktop\dokuman_yonetim_sistemi\venv\Lib\site-packages\sqlalchemy\orm\query.py", line 2827, in _iter
    result: Union[ScalarResult[_T], Result[_T]] = self.session.execute(
                                                  ^^^^^^^^^^^^^^^^^^^^^
  File "C:\Users\Admin\Desktop\dokuman_yonetim_sistemi\venv\Lib\site-packages\sqlalchemy\orm\session.py", line 2306, in execute
    return self._execute_internal(
           ^^^^^^^^^^^^^^^^^^^^^^^
  File "C:\Users\Admin\Desktop\dokuman_yonetim_sistemi\venv\Lib\site-packages\sqlalchemy\orm\session.py", line 2191, in _execute_internal
    result: Result[Any] = compile_state_cls.orm_execute_statement(
                          ^^^^^^^^^^^^^^^^^^^^^^^^^^^^^^^^^^^^^^^^
  File "C:\Users\Admin\Desktop\dokuman_yonetim_sistemi\venv\Lib\site-packages\sqlalchemy\orm\context.py", line 293, in orm_execute_statement
    result = conn.execute(
             ^^^^^^^^^^^^^
  File "C:\Users\Admin\Desktop\dokuman_yonetim_sistemi\venv\Lib\site-packages\sqlalchemy\engine\base.py", line 1422, in execute
    return meth(
           ^^^^^
  File "C:\Users\Admin\Desktop\dokuman_yonetim_sistemi\venv\Lib\site-packages\sqlalchemy\sql\elements.py", line 514, in _execute_on_connection
    return connection._execute_clauseelement(
           ^^^^^^^^^^^^^^^^^^^^^^^^^^^^^^^^^^
  File "C:\Users\Admin\Desktop\dokuman_yonetim_sistemi\venv\Lib\site-packages\sqlalchemy\engine\base.py", line 1644, in _execute_clauseelement
    ret = self._execute_context(
          ^^^^^^^^^^^^^^^^^^^^^^
  File "C:\Users\Admin\Desktop\dokuman_yonetim_sistemi\venv\Lib\site-packages\sqlalchemy\engine\base.py", line 1850, in _execute_context
    return self._exec_single_context(
           ^^^^^^^^^^^^^^^^^^^^^^^^^^
  File "C:\Users\Admin\Desktop\dokuman_yonetim_sistemi\venv\Lib\site-packages\sqlalchemy\engine\base.py", line 1990, in _exec_single_context
    self._handle_dbapi_exception(
  File "C:\Users\Admin\Desktop\dokuman_yonetim_sistemi\venv\Lib\site-packages\sqlalchemy\engine\base.py", line 2357, in _handle_dbapi_exception
    raise sqlalchemy_exception.with_traceback(exc_info[2]) from e
  File "C:\Users\Admin\Desktop\dokuman_yonetim_sistemi\venv\Lib\site-packages\sqlalchemy\engine\base.py", line 1971, in _exec_single_context
    self.dialect.do_execute(
  File "C:\Users\Admin\Desktop\dokuman_yonetim_sistemi\venv\Lib\site-packages\sqlalchemy\engine\default.py", line 919, in do_execute
    cursor.execute(statement, parameters)
sqlalchemy.exc.OperationalError: (sqlite3.OperationalError) no such column: document_policies.originator
[SQL: SELECT document_policies.id AS document_policies_id, document_policies.originator AS document_policies_originator, document_policies.document_type AS document_policies_document_type, document_policies.discipline AS document_policies_discipline, document_policies.building_code AS document_policies_building_code, document_policies.project_code AS document_policies_project_code, document_policies.revision_format AS document_policies_revision_format, document_policies.applied_at AS document_policies_applied_at 
FROM document_policies ORDER BY document_policies.applied_at DESC]
(Background on this error at: https://sqlalche.me/e/20/e3q8)
2025-03-28 03:04:09,630 - __main__ - ERROR - Server error: 500 Internal Server Error: The server encountered an internal error and was unable to complete your request. Either the server is overloaded or there is an error in the application.
2025-03-28 03:04:09,633 - werkzeug - INFO - 127.0.0.1 - - [28/Mar/2025 03:04:09] "[35m[1mGET /admin/policy HTTP/1.1[0m" 500 -
2025-03-28 03:04:10,594 - werkzeug - INFO - 127.0.0.1 - - [28/Mar/2025 03:04:10] "[32mGET / HTTP/1.1[0m" 302 -
2025-03-28 03:04:10,604 - werkzeug - INFO - 127.0.0.1 - - [28/Mar/2025 03:04:10] "GET /documents HTTP/1.1" 200 -
2025-03-28 03:04:11,962 - werkzeug - INFO - 127.0.0.1 - - [28/Mar/2025 03:04:11] "GET /admin/upload HTTP/1.1" 200 -
2025-03-28 03:04:25,103 - __main__ - ERROR - Upload error: (sqlite3.OperationalError) no such column: document_policies.originator
[SQL: SELECT document_policies.id AS document_policies_id, document_policies.originator AS document_policies_originator, document_policies.document_type AS document_policies_document_type, document_policies.discipline AS document_policies_discipline, document_policies.building_code AS document_policies_building_code, document_policies.project_code AS document_policies_project_code, document_policies.revision_format AS document_policies_revision_format, document_policies.applied_at AS document_policies_applied_at 
FROM document_policies ORDER BY document_policies.applied_at DESC
 LIMIT ? OFFSET ?]
[parameters: (1, 0)]
(Background on this error at: https://sqlalche.me/e/20/e3q8)
2025-03-28 03:04:25,104 - werkzeug - INFO - 127.0.0.1 - - [28/Mar/2025 03:04:25] "[32mPOST /upload HTTP/1.1[0m" 302 -
2025-03-28 03:04:25,111 - werkzeug - INFO - 127.0.0.1 - - [28/Mar/2025 03:04:25] "GET /documents HTTP/1.1" 200 -
